ARM GAS  /tmp/ccD2OiOE.s 			page 1


   1              		.cpu cortex-m3
   2              		.eabi_attribute 20, 1
   3              		.eabi_attribute 21, 1
   4              		.eabi_attribute 23, 3
   5              		.eabi_attribute 24, 1
   6              		.eabi_attribute 25, 1
   7              		.eabi_attribute 26, 1
   8              		.eabi_attribute 30, 1
   9              		.eabi_attribute 34, 1
  10              		.eabi_attribute 18, 4
  11              		.file	"usb_pwr.c"
  12              		.text
  13              	.Ltext0:
  14              		.cfi_sections	.debug_frame
  15              		.global	bDeviceState
  16              		.section	.bss.bDeviceState,"aw",%nobits
  17              		.align	2
  20              	bDeviceState:
  21 0000 00000000 		.space	4
  22              		.text
  23              	.Letext0:
  24              		.file 1 "/usr/lib/gcc/arm-none-eabi/10.3.1/include/stdint.h"
  25              		.file 2 "usb_user/Inc/usb_pwr.h"
  26              		.file 3 "usb_user/Src/usb_pwr.c"
ARM GAS  /tmp/ccD2OiOE.s 			page 2


DEFINED SYMBOLS
                            *ABS*:0000000000000000 usb_pwr.c
     /tmp/ccD2OiOE.s:20     .bss.bDeviceState:0000000000000000 bDeviceState
     /tmp/ccD2OiOE.s:17     .bss.bDeviceState:0000000000000000 $d

NO UNDEFINED SYMBOLS
