ARM GAS  /tmp/ccujrWQj.s 			page 1


   1              		.cpu cortex-m3
   2              		.eabi_attribute 20, 1
   3              		.eabi_attribute 21, 1
   4              		.eabi_attribute 23, 3
   5              		.eabi_attribute 24, 1
   6              		.eabi_attribute 25, 1
   7              		.eabi_attribute 26, 1
   8              		.eabi_attribute 30, 1
   9              		.eabi_attribute 34, 1
  10              		.eabi_attribute 18, 4
  11              		.file	"usb_istr.c"
  12              		.text
  13              	.Ltext0:
  14              		.cfi_sections	.debug_frame
  15              		.section	.text.USB_HP_CAN1_TX_IRQHandler,"ax",%progbits
  16              		.align	1
  17              		.global	USB_HP_CAN1_TX_IRQHandler
  18              		.arch armv7-m
  19              		.syntax unified
  20              		.thumb
  21              		.thumb_func
  22              		.fpu softvfp
  24              	USB_HP_CAN1_TX_IRQHandler:
  25              	.LFB56:
  26              		.file 1 "usb_user/Src/usb_istr.c"
   1:usb_user/Src/usb_istr.c **** #include "usb_istr.h"
   2:usb_user/Src/usb_istr.c **** 
   3:usb_user/Src/usb_istr.c **** 
   4:usb_user/Src/usb_istr.c **** __IO uint16_t wIstr;            /* ISTR register last read value */
   5:usb_user/Src/usb_istr.c **** __IO uint8_t bIntPackSOF = 0;  /* SOFs received between 2 consecutive packets */
   6:usb_user/Src/usb_istr.c **** 
   7:usb_user/Src/usb_istr.c **** void USB_HP_CAN1_TX_IRQHandler(void)
   8:usb_user/Src/usb_istr.c **** {
  27              		.loc 1 8 1 view -0
  28              		.cfi_startproc
  29              		@ args = 0, pretend = 0, frame = 0
  30              		@ frame_needed = 0, uses_anonymous_args = 0
  31 0000 08B5     		push	{r3, lr}
  32              	.LCFI0:
  33              		.cfi_def_cfa_offset 8
  34              		.cfi_offset 3, -8
  35              		.cfi_offset 14, -4
   9:usb_user/Src/usb_istr.c ****     CTR_HP();
  36              		.loc 1 9 5 view .LVU1
  37 0002 FFF7FEFF 		bl	CTR_HP
  38              	.LVL0:
  10:usb_user/Src/usb_istr.c **** }
  39              		.loc 1 10 1 is_stmt 0 view .LVU2
  40 0006 08BD     		pop	{r3, pc}
  41              		.cfi_endproc
  42              	.LFE56:
  44              		.section	.text.USB_LP_CAN1_RX0_IRQHandler,"ax",%progbits
  45              		.align	1
  46              		.global	USB_LP_CAN1_RX0_IRQHandler
  47              		.syntax unified
  48              		.thumb
  49              		.thumb_func
ARM GAS  /tmp/ccujrWQj.s 			page 2


  50              		.fpu softvfp
  52              	USB_LP_CAN1_RX0_IRQHandler:
  53              	.LFB57:
  11:usb_user/Src/usb_istr.c **** 
  12:usb_user/Src/usb_istr.c **** void USB_LP_CAN1_RX0_IRQHandler(void)
  13:usb_user/Src/usb_istr.c **** {
  54              		.loc 1 13 1 is_stmt 1 view -0
  55              		.cfi_startproc
  56              		@ args = 0, pretend = 0, frame = 0
  57              		@ frame_needed = 0, uses_anonymous_args = 0
  58 0000 08B5     		push	{r3, lr}
  59              	.LCFI1:
  60              		.cfi_def_cfa_offset 8
  61              		.cfi_offset 3, -8
  62              		.cfi_offset 14, -4
  14:usb_user/Src/usb_istr.c ****     wIstr = _GetISTR();
  63              		.loc 1 14 5 view .LVU4
  64              		.loc 1 14 13 is_stmt 0 view .LVU5
  65 0002 104B     		ldr	r3, .L8
  66 0004 D3F8443C 		ldr	r3, [r3, #3140]
  67 0008 9BB2     		uxth	r3, r3
  68              		.loc 1 14 11 view .LVU6
  69 000a 0F4A     		ldr	r2, .L8+4
  70 000c 1380     		strh	r3, [r2]	@ movhi
  15:usb_user/Src/usb_istr.c **** #if(IMR_MSK & ISTR_CTR)
  16:usb_user/Src/usb_istr.c ****     if(wIstr & ISTR_CTR & wInterrupt_Mask) 
  71              		.loc 1 16 5 is_stmt 1 view .LVU7
  72              		.loc 1 16 14 is_stmt 0 view .LVU8
  73 000e 1388     		ldrh	r3, [r2]
  74              		.loc 1 16 25 view .LVU9
  75 0010 0E4A     		ldr	r2, .L8+8
  76 0012 1288     		ldrh	r2, [r2]
  77              		.loc 1 16 7 view .LVU10
  78 0014 03F40043 		and	r3, r3, #32768
  79 0018 1A42     		tst	r2, r3
  80 001a 10D1     		bne	.L7
  81              	.L4:
  17:usb_user/Src/usb_istr.c ****     {
  18:usb_user/Src/usb_istr.c ****         CTR_LP();
  19:usb_user/Src/usb_istr.c ****     }
  20:usb_user/Src/usb_istr.c **** #endif
  21:usb_user/Src/usb_istr.c **** 
  22:usb_user/Src/usb_istr.c **** #if(IMR_MSK & ISTR_RESET)
  23:usb_user/Src/usb_istr.c ****     if(wIstr & ISTR_RESET & wInterrupt_Mask) 
  82              		.loc 1 23 5 is_stmt 1 view .LVU11
  83              		.loc 1 23 14 is_stmt 0 view .LVU12
  84 001c 0A4B     		ldr	r3, .L8+4
  85 001e 1B88     		ldrh	r3, [r3]
  86              		.loc 1 23 27 view .LVU13
  87 0020 0A4A     		ldr	r2, .L8+8
  88 0022 1288     		ldrh	r2, [r2]
  89              		.loc 1 23 7 view .LVU14
  90 0024 03F48063 		and	r3, r3, #1024
  91 0028 1A42     		tst	r2, r3
  92 002a 07D0     		beq	.L3
  24:usb_user/Src/usb_istr.c ****     {
  25:usb_user/Src/usb_istr.c ****         _SetISTR((uint16_t)CLR_RESET);
ARM GAS  /tmp/ccujrWQj.s 			page 3


  93              		.loc 1 25 9 is_stmt 1 view .LVU15
  94 002c 054B     		ldr	r3, .L8
  95 002e 4FF6FF32 		movw	r2, #64511
  96 0032 C3F8442C 		str	r2, [r3, #3140]
  26:usb_user/Src/usb_istr.c ****         Device_Property.Reset();
  97              		.loc 1 26 9 view .LVU16
  98              		.loc 1 26 24 is_stmt 0 view .LVU17
  99 0036 064B     		ldr	r3, .L8+12
 100 0038 5B68     		ldr	r3, [r3, #4]
 101              		.loc 1 26 9 view .LVU18
 102 003a 9847     		blx	r3
 103              	.LVL1:
 104              	.L3:
  27:usb_user/Src/usb_istr.c ****     }
  28:usb_user/Src/usb_istr.c **** #endif
  29:usb_user/Src/usb_istr.c **** 
  30:usb_user/Src/usb_istr.c **** #if(IMR_MSK & ISTR_SOF)
  31:usb_user/Src/usb_istr.c ****     if(wIstr & ISTR_SOF & wInterrupt_Mask) 
  32:usb_user/Src/usb_istr.c ****     {
  33:usb_user/Src/usb_istr.c ****         _SetISTR((uint16_t)CLR_SOF);
  34:usb_user/Src/usb_istr.c ****         bIntPackSOF++;
  35:usb_user/Src/usb_istr.c **** 
  36:usb_user/Src/usb_istr.c **** #ifdef SOF_CALLBACK
  37:usb_user/Src/usb_istr.c ****         SOF_Callback();
  38:usb_user/Src/usb_istr.c **** #endif
  39:usb_user/Src/usb_istr.c ****     }
  40:usb_user/Src/usb_istr.c **** #endif
  41:usb_user/Src/usb_istr.c **** }
 105              		.loc 1 41 1 view .LVU19
 106 003c 08BD     		pop	{r3, pc}
 107              	.L7:
  18:usb_user/Src/usb_istr.c ****     }
 108              		.loc 1 18 9 is_stmt 1 view .LVU20
 109 003e FFF7FEFF 		bl	CTR_LP
 110              	.LVL2:
 111 0042 EBE7     		b	.L4
 112              	.L9:
 113              		.align	2
 114              	.L8:
 115 0044 00500040 		.word	1073762304
 116 0048 00000000 		.word	.LANCHOR0
 117 004c 00000000 		.word	wInterrupt_Mask
 118 0050 00000000 		.word	Device_Property
 119              		.cfi_endproc
 120              	.LFE57:
 122              		.global	pEpInt_OUT
 123              		.global	pEpInt_IN
 124              		.global	bIntPackSOF
 125              		.global	wIstr
 126              		.section	.bss.bIntPackSOF,"aw",%nobits
 129              	bIntPackSOF:
 130 0000 00       		.space	1
 131              		.section	.bss.wIstr,"aw",%nobits
 132              		.align	1
 133              		.set	.LANCHOR0,. + 0
 136              	wIstr:
 137 0000 0000     		.space	2
ARM GAS  /tmp/ccujrWQj.s 			page 4


 138              		.section	.data.pEpInt_IN,"aw"
 139              		.align	2
 142              	pEpInt_IN:
 143 0000 00000000 		.word	NOP_Process
 144 0004 00000000 		.word	EP2_IN_Callback
 145 0008 00000000 		.word	NOP_Process
 146 000c 00000000 		.word	NOP_Process
 147 0010 00000000 		.word	NOP_Process
 148 0014 00000000 		.word	NOP_Process
 149 0018 00000000 		.word	NOP_Process
 150              		.section	.data.pEpInt_OUT,"aw"
 151              		.align	2
 154              	pEpInt_OUT:
 155 0000 00000000 		.word	EP1_OUT_Callback
 156 0004 00000000 		.word	NOP_Process
 157 0008 00000000 		.word	NOP_Process
 158 000c 00000000 		.word	NOP_Process
 159 0010 00000000 		.word	NOP_Process
 160 0014 00000000 		.word	NOP_Process
 161 0018 00000000 		.word	NOP_Process
 162              		.text
 163              	.Letext0:
 164              		.file 2 "/usr/lib/gcc/arm-none-eabi/10.3.1/include/stdint.h"
 165              		.file 3 "usb_driver/Inc/usb_core.h"
 166              		.file 4 "usb_driver/Inc/usb_regs.h"
 167              		.file 5 "usb_driver/Inc/usb_init.h"
 168              		.file 6 "usb_driver/Inc/usb_int.h"
ARM GAS  /tmp/ccujrWQj.s 			page 5


DEFINED SYMBOLS
                            *ABS*:0000000000000000 usb_istr.c
     /tmp/ccujrWQj.s:16     .text.USB_HP_CAN1_TX_IRQHandler:0000000000000000 $t
     /tmp/ccujrWQj.s:24     .text.USB_HP_CAN1_TX_IRQHandler:0000000000000000 USB_HP_CAN1_TX_IRQHandler
     /tmp/ccujrWQj.s:45     .text.USB_LP_CAN1_RX0_IRQHandler:0000000000000000 $t
     /tmp/ccujrWQj.s:52     .text.USB_LP_CAN1_RX0_IRQHandler:0000000000000000 USB_LP_CAN1_RX0_IRQHandler
     /tmp/ccujrWQj.s:115    .text.USB_LP_CAN1_RX0_IRQHandler:0000000000000044 $d
     /tmp/ccujrWQj.s:154    .data.pEpInt_OUT:0000000000000000 pEpInt_OUT
     /tmp/ccujrWQj.s:142    .data.pEpInt_IN:0000000000000000 pEpInt_IN
     /tmp/ccujrWQj.s:129    .bss.bIntPackSOF:0000000000000000 bIntPackSOF
     /tmp/ccujrWQj.s:136    .bss.wIstr:0000000000000000 wIstr
     /tmp/ccujrWQj.s:130    .bss.bIntPackSOF:0000000000000000 $d
     /tmp/ccujrWQj.s:132    .bss.wIstr:0000000000000000 $d
     /tmp/ccujrWQj.s:139    .data.pEpInt_IN:0000000000000000 $d
     /tmp/ccujrWQj.s:151    .data.pEpInt_OUT:0000000000000000 $d

UNDEFINED SYMBOLS
CTR_HP
CTR_LP
wInterrupt_Mask
Device_Property
NOP_Process
EP2_IN_Callback
EP1_OUT_Callback
