ARM GAS  /tmp/cc0L7uEq.s 			page 1


   1              		.cpu cortex-m3
   2              		.eabi_attribute 20, 1
   3              		.eabi_attribute 21, 1
   4              		.eabi_attribute 23, 3
   5              		.eabi_attribute 24, 1
   6              		.eabi_attribute 25, 1
   7              		.eabi_attribute 26, 1
   8              		.eabi_attribute 30, 1
   9              		.eabi_attribute 34, 1
  10              		.eabi_attribute 18, 4
  11              		.file	"usb_init.c"
  12              		.text
  13              	.Ltext0:
  14              		.cfi_sections	.debug_frame
  15              		.section	.text.USB_Init,"ax",%progbits
  16              		.align	1
  17              		.global	USB_Init
  18              		.arch armv7-m
  19              		.syntax unified
  20              		.thumb
  21              		.thumb_func
  22              		.fpu softvfp
  24              	USB_Init:
  25              	.LFB56:
  26              		.file 1 "usb_driver/Src/usb_init.c"
   1:usb_driver/Src/usb_init.c **** /**
   2:usb_driver/Src/usb_init.c ****   ******************************************************************************
   3:usb_driver/Src/usb_init.c ****   * @file    usb_init.c
   4:usb_driver/Src/usb_init.c ****   * @author  MCD Application Team
   5:usb_driver/Src/usb_init.c ****   * @version V4.0.0
   6:usb_driver/Src/usb_init.c ****   * @date    28-August-2012
   7:usb_driver/Src/usb_init.c ****   * @brief   Initialization routines & global variables
   8:usb_driver/Src/usb_init.c ****   ******************************************************************************
   9:usb_driver/Src/usb_init.c ****   * @attention
  10:usb_driver/Src/usb_init.c ****   *
  11:usb_driver/Src/usb_init.c ****   * <h2><center>&copy; COPYRIGHT 2012 STMicroelectronics</center></h2>
  12:usb_driver/Src/usb_init.c ****   *
  13:usb_driver/Src/usb_init.c ****   * Licensed under MCD-ST Liberty SW License Agreement V2, (the "License");
  14:usb_driver/Src/usb_init.c ****   * You may not use this file except in compliance with the License.
  15:usb_driver/Src/usb_init.c ****   * You may obtain a copy of the License at:
  16:usb_driver/Src/usb_init.c ****   *
  17:usb_driver/Src/usb_init.c ****   *        http://www.st.com/software_license_agreement_liberty_v2
  18:usb_driver/Src/usb_init.c ****   *
  19:usb_driver/Src/usb_init.c ****   * Unless required by applicable law or agreed to in writing, software 
  20:usb_driver/Src/usb_init.c ****   * distributed under the License is distributed on an "AS IS" BASIS, 
  21:usb_driver/Src/usb_init.c ****   * WITHOUT WARRANTIES OR CONDITIONS OF ANY KIND, either express or implied.
  22:usb_driver/Src/usb_init.c ****   * See the License for the specific language governing permissions and
  23:usb_driver/Src/usb_init.c ****   * limitations under the License.
  24:usb_driver/Src/usb_init.c ****   *
  25:usb_driver/Src/usb_init.c ****   ******************************************************************************
  26:usb_driver/Src/usb_init.c ****   */
  27:usb_driver/Src/usb_init.c **** 
  28:usb_driver/Src/usb_init.c **** 
  29:usb_driver/Src/usb_init.c **** /* Includes ------------------------------------------------------------------*/
  30:usb_driver/Src/usb_init.c **** #include "usb_lib.h"
  31:usb_driver/Src/usb_init.c **** 
  32:usb_driver/Src/usb_init.c **** /* Private typedef -----------------------------------------------------------*/
ARM GAS  /tmp/cc0L7uEq.s 			page 2


  33:usb_driver/Src/usb_init.c **** /* Private define ------------------------------------------------------------*/
  34:usb_driver/Src/usb_init.c **** /* Private macro -------------------------------------------------------------*/
  35:usb_driver/Src/usb_init.c **** /* Private variables ---------------------------------------------------------*/
  36:usb_driver/Src/usb_init.c **** /*  The number of current endpoint, it will be used to specify an endpoint */
  37:usb_driver/Src/usb_init.c ****  uint8_t	EPindex;
  38:usb_driver/Src/usb_init.c **** /*  The number of current device, it is an index to the Device_Table */
  39:usb_driver/Src/usb_init.c **** /* uint8_t	Device_no; */
  40:usb_driver/Src/usb_init.c **** /*  Points to the DEVICE_INFO structure of current device */
  41:usb_driver/Src/usb_init.c **** /*  The purpose of this register is to speed up the execution */
  42:usb_driver/Src/usb_init.c **** DEVICE_INFO *pInformation;
  43:usb_driver/Src/usb_init.c **** /*  Points to the DEVICE_PROP structure of current device */
  44:usb_driver/Src/usb_init.c **** /*  The purpose of this register is to speed up the execution */
  45:usb_driver/Src/usb_init.c **** DEVICE_PROP *pProperty;
  46:usb_driver/Src/usb_init.c **** /*  Temporary save the state of Rx & Tx status. */
  47:usb_driver/Src/usb_init.c **** /*  Whenever the Rx or Tx state is changed, its value is saved */
  48:usb_driver/Src/usb_init.c **** /*  in this variable first and will be set to the EPRB or EPRA */
  49:usb_driver/Src/usb_init.c **** /*  at the end of interrupt process */
  50:usb_driver/Src/usb_init.c **** uint16_t	SaveState ;
  51:usb_driver/Src/usb_init.c **** uint16_t  wInterrupt_Mask;
  52:usb_driver/Src/usb_init.c **** DEVICE_INFO	Device_Info;
  53:usb_driver/Src/usb_init.c **** USER_STANDARD_REQUESTS  *pUser_Standard_Requests;
  54:usb_driver/Src/usb_init.c **** 
  55:usb_driver/Src/usb_init.c **** /* Extern variables ----------------------------------------------------------*/
  56:usb_driver/Src/usb_init.c **** /* Private function prototypes -----------------------------------------------*/
  57:usb_driver/Src/usb_init.c **** /* Private functions ---------------------------------------------------------*/
  58:usb_driver/Src/usb_init.c **** 
  59:usb_driver/Src/usb_init.c **** /*******************************************************************************
  60:usb_driver/Src/usb_init.c **** * Function Name  : USB_Init
  61:usb_driver/Src/usb_init.c **** * Description    : USB system initialization
  62:usb_driver/Src/usb_init.c **** * Input          : None.
  63:usb_driver/Src/usb_init.c **** * Output         : None.
  64:usb_driver/Src/usb_init.c **** * Return         : None.
  65:usb_driver/Src/usb_init.c **** *******************************************************************************/
  66:usb_driver/Src/usb_init.c **** void USB_Init(void)
  67:usb_driver/Src/usb_init.c **** {
  27              		.loc 1 67 1 view -0
  28              		.cfi_startproc
  29              		@ args = 0, pretend = 0, frame = 0
  30              		@ frame_needed = 0, uses_anonymous_args = 0
  31 0000 08B5     		push	{r3, lr}
  32              	.LCFI0:
  33              		.cfi_def_cfa_offset 8
  34              		.cfi_offset 3, -8
  35              		.cfi_offset 14, -4
  68:usb_driver/Src/usb_init.c ****   pInformation = &Device_Info;
  36              		.loc 1 68 3 view .LVU1
  37              		.loc 1 68 16 is_stmt 0 view .LVU2
  38 0002 074B     		ldr	r3, .L3
  39 0004 074A     		ldr	r2, .L3+4
  40 0006 1360     		str	r3, [r2]
  69:usb_driver/Src/usb_init.c ****   pInformation->ControlState = 2;
  41              		.loc 1 69 3 is_stmt 1 view .LVU3
  42              		.loc 1 69 30 is_stmt 0 view .LVU4
  43 0008 0222     		movs	r2, #2
  44 000a 1A72     		strb	r2, [r3, #8]
  70:usb_driver/Src/usb_init.c ****   pProperty = &Device_Property;
  45              		.loc 1 70 3 is_stmt 1 view .LVU5
ARM GAS  /tmp/cc0L7uEq.s 			page 3


  46              		.loc 1 70 13 is_stmt 0 view .LVU6
  47 000c 064B     		ldr	r3, .L3+8
  48 000e 074A     		ldr	r2, .L3+12
  49 0010 1360     		str	r3, [r2]
  71:usb_driver/Src/usb_init.c ****   pUser_Standard_Requests = &User_Standard_Requests;
  50              		.loc 1 71 3 is_stmt 1 view .LVU7
  51              		.loc 1 71 27 is_stmt 0 view .LVU8
  52 0012 074A     		ldr	r2, .L3+16
  53 0014 0749     		ldr	r1, .L3+20
  54 0016 1160     		str	r1, [r2]
  72:usb_driver/Src/usb_init.c ****   /* Initialize devices one by one */
  73:usb_driver/Src/usb_init.c ****   pProperty->Init();
  55              		.loc 1 73 3 is_stmt 1 view .LVU9
  56              		.loc 1 73 12 is_stmt 0 view .LVU10
  57 0018 1B68     		ldr	r3, [r3]
  58              		.loc 1 73 3 view .LVU11
  59 001a 9847     		blx	r3
  60              	.LVL0:
  74:usb_driver/Src/usb_init.c **** }
  61              		.loc 1 74 1 view .LVU12
  62 001c 08BD     		pop	{r3, pc}
  63              	.L4:
  64 001e 00BF     		.align	2
  65              	.L3:
  66 0020 00000000 		.word	.LANCHOR1
  67 0024 00000000 		.word	.LANCHOR0
  68 0028 00000000 		.word	Device_Property
  69 002c 00000000 		.word	.LANCHOR2
  70 0030 00000000 		.word	.LANCHOR3
  71 0034 00000000 		.word	User_Standard_Requests
  72              		.cfi_endproc
  73              	.LFE56:
  75              		.global	pUser_Standard_Requests
  76              		.global	Device_Info
  77              		.global	wInterrupt_Mask
  78              		.global	SaveState
  79              		.global	pProperty
  80              		.global	pInformation
  81              		.global	EPindex
  82              		.section	.bss.Device_Info,"aw",%nobits
  83              		.align	2
  84              		.set	.LANCHOR1,. + 0
  87              	Device_Info:
  88 0000 00000000 		.space	28
  88      00000000 
  88      00000000 
  88      00000000 
  88      00000000 
  89              		.section	.bss.EPindex,"aw",%nobits
  92              	EPindex:
  93 0000 00       		.space	1
  94              		.section	.bss.SaveState,"aw",%nobits
  95              		.align	1
  98              	SaveState:
  99 0000 0000     		.space	2
 100              		.section	.bss.pInformation,"aw",%nobits
 101              		.align	2
ARM GAS  /tmp/cc0L7uEq.s 			page 4


 102              		.set	.LANCHOR0,. + 0
 105              	pInformation:
 106 0000 00000000 		.space	4
 107              		.section	.bss.pProperty,"aw",%nobits
 108              		.align	2
 109              		.set	.LANCHOR2,. + 0
 112              	pProperty:
 113 0000 00000000 		.space	4
 114              		.section	.bss.pUser_Standard_Requests,"aw",%nobits
 115              		.align	2
 116              		.set	.LANCHOR3,. + 0
 119              	pUser_Standard_Requests:
 120 0000 00000000 		.space	4
 121              		.section	.bss.wInterrupt_Mask,"aw",%nobits
 122              		.align	1
 125              	wInterrupt_Mask:
 126 0000 0000     		.space	2
 127              		.text
 128              	.Letext0:
 129              		.file 2 "/usr/lib/gcc/arm-none-eabi/10.3.1/include/stdint.h"
 130              		.file 3 "usb_driver/Inc/usb_core.h"
 131              		.file 4 "usb_driver/Inc/usb_init.h"
ARM GAS  /tmp/cc0L7uEq.s 			page 5


DEFINED SYMBOLS
                            *ABS*:0000000000000000 usb_init.c
     /tmp/cc0L7uEq.s:16     .text.USB_Init:0000000000000000 $t
     /tmp/cc0L7uEq.s:24     .text.USB_Init:0000000000000000 USB_Init
     /tmp/cc0L7uEq.s:66     .text.USB_Init:0000000000000020 $d
     /tmp/cc0L7uEq.s:119    .bss.pUser_Standard_Requests:0000000000000000 pUser_Standard_Requests
     /tmp/cc0L7uEq.s:87     .bss.Device_Info:0000000000000000 Device_Info
     /tmp/cc0L7uEq.s:125    .bss.wInterrupt_Mask:0000000000000000 wInterrupt_Mask
     /tmp/cc0L7uEq.s:98     .bss.SaveState:0000000000000000 SaveState
     /tmp/cc0L7uEq.s:112    .bss.pProperty:0000000000000000 pProperty
     /tmp/cc0L7uEq.s:105    .bss.pInformation:0000000000000000 pInformation
     /tmp/cc0L7uEq.s:92     .bss.EPindex:0000000000000000 EPindex
     /tmp/cc0L7uEq.s:83     .bss.Device_Info:0000000000000000 $d
     /tmp/cc0L7uEq.s:93     .bss.EPindex:0000000000000000 $d
     /tmp/cc0L7uEq.s:95     .bss.SaveState:0000000000000000 $d
     /tmp/cc0L7uEq.s:101    .bss.pInformation:0000000000000000 $d
     /tmp/cc0L7uEq.s:108    .bss.pProperty:0000000000000000 $d
     /tmp/cc0L7uEq.s:115    .bss.pUser_Standard_Requests:0000000000000000 $d
     /tmp/cc0L7uEq.s:122    .bss.wInterrupt_Mask:0000000000000000 $d

UNDEFINED SYMBOLS
Device_Property
User_Standard_Requests
